Log file open, 11/12/20 16:10:40
LogInit: Display: Running engine for game: NTPong
LogPlatformFile: Not using cached read wrapper
LogTaskGraph: Started task graph with 5 named threads and 35 total threads with 3 sets of task threads.
LogStats: Stats thread started at 0.616549
LogD3D11RHI: Loaded GFSDK_Aftermath_Lib.x64.dll
LogICUInternationalization: ICU TimeZone Detection - Raw Offset: -5:00, Platform Override: ''
LogPluginManager: Mounting plugin Paper2D
LogPluginManager: Mounting plugin AISupport
LogPluginManager: Mounting plugin LightPropagationVolume
LogPluginManager: Mounting plugin CameraShakePreviewer
LogPluginManager: Mounting plugin ActorLayerUtilities
LogPluginManager: Mounting plugin AnimationSharing
LogPluginManager: Mounting plugin CLionSourceCodeAccess
LogPluginManager: Mounting plugin CodeLiteSourceCodeAccess
LogPluginManager: Mounting plugin GitSourceControl
LogPluginManager: Mounting plugin KDevelopSourceCodeAccess
LogPluginManager: Mounting plugin NullSourceCodeAccess
LogPluginManager: Mounting plugin PerforceSourceControl
LogPluginManager: Mounting plugin PlasticSourceControl
LogPluginManager: Mounting plugin RiderSourceCodeAccess
LogPluginManager: Mounting plugin SubversionSourceControl
LogPluginManager: Mounting plugin UObjectPlugin
LogPluginManager: Mounting plugin VisualStudioCodeSourceCodeAccess
LogPluginManager: Mounting plugin VisualStudioSourceCodeAccess
LogPluginManager: Mounting plugin XCodeSourceCodeAccess
LogPluginManager: Mounting plugin AssetManagerEditor
LogPluginManager: Mounting plugin CryptoKeys
LogPluginManager: Mounting plugin CurveEditorTools
LogPluginManager: Mounting plugin DataValidation
LogPluginManager: Mounting plugin EditorScriptingUtilities
LogPluginManager: Mounting plugin FacialAnimation
LogPluginManager: Mounting plugin GameplayTagsEditor
LogPluginManager: Mounting plugin GeometryMode
LogPluginManager: Mounting plugin MacGraphicsSwitching
LogPluginManager: Mounting plugin MaterialAnalyzer
LogPluginManager: Mounting plugin MobileLauncherProfileWizard
LogPluginManager: Mounting plugin PluginBrowser
LogPluginManager: Mounting plugin SpeedTreeImporter
LogPluginManager: Mounting plugin DatasmithContent
LogPluginManager: Mounting plugin VariantManagerContent
LogPluginManager: Mounting plugin AlembicImporter
LogPluginManager: Mounting plugin AutomationUtils
LogPluginManager: Mounting plugin BackChannel
LogPluginManager: Mounting plugin ChaosCloth
LogPluginManager: Mounting plugin ChaosClothEditor
LogPluginManager: Mounting plugin ChaosEditor
LogPluginManager: Mounting plugin ChaosNiagara
LogPluginManager: Mounting plugin ChaosSolverPlugin
LogPluginManager: Mounting plugin CharacterAI
LogPluginManager: Mounting plugin GeometryCache
LogPluginManager: Mounting plugin GeometryCollectionPlugin
LogPluginManager: Mounting plugin GeometryProcessing
LogPluginManager: Mounting plugin PlanarCut
LogPluginManager: Mounting plugin PlatformCrypto
LogPluginManager: Mounting plugin ProxyLODPlugin
LogPluginManager: Mounting plugin SkeletalReduction
LogPluginManager: Mounting plugin Niagara
LogPluginManager: Mounting plugin MagicLeap
LogPluginManager: Mounting plugin MagicLeapLightEstimation
LogPluginManager: Mounting plugin MagicLeapMedia
LogPluginManager: Mounting plugin MagicLeapPassableWorld
LogPluginManager: Mounting plugin MLSDK
LogPluginManager: Mounting plugin AndroidMedia
LogPluginManager: Mounting plugin AvfMedia
LogPluginManager: Mounting plugin ImgMedia
LogPluginManager: Mounting plugin MediaCompositing
LogPluginManager: Mounting plugin MediaPlayerEditor
LogPluginManager: Mounting plugin WebMMedia
LogPluginManager: Mounting plugin WmfMedia
LogPluginManager: Mounting plugin MeshPainting
LogPluginManager: Mounting plugin TcpMessaging
LogPluginManager: Mounting plugin UdpMessaging
LogPluginManager: Mounting plugin ActorSequence
LogPluginManager: Mounting plugin LevelSequenceEditor
LogPluginManager: Mounting plugin MatineeToLevelSequence
LogPluginManager: Mounting plugin MovieRenderPipeline
LogPluginManager: Mounting plugin TemplateSequence
LogPluginManager: Mounting plugin NetcodeUnitTest
LogPluginManager: Mounting plugin NUTUnrealEngine4
LogPluginManager: Mounting plugin OnlineSubsystemGooglePlay
LogPluginManager: Mounting plugin OnlineSubsystemIOS
LogPluginManager: Mounting plugin OnlineSubsystem
LogPluginManager: Mounting plugin OnlineSubsystemNull
LogPluginManager: Mounting plugin OnlineSubsystemUtils
LogPluginManager: Mounting plugin LauncherChunkInstaller
LogPluginManager: Mounting plugin AndroidDeviceProfileSelector
LogPluginManager: Mounting plugin AndroidMoviePlayer
LogPluginManager: Mounting plugin AndroidPermission
LogPluginManager: Mounting plugin AppleImageUtils
LogPluginManager: Mounting plugin AppleMoviePlayer
LogPluginManager: Mounting plugin ArchVisCharacter
LogPluginManager: Mounting plugin AssetTags
LogPluginManager: Mounting plugin AudioCapture
LogPluginManager: Mounting plugin CableComponent
LogPluginManager: Mounting plugin CustomMeshComponent
LogPluginManager: Mounting plugin EditableMesh
LogPluginManager: Mounting plugin ExampleDeviceProfileSelector
LogPluginManager: Mounting plugin GoogleCloudMessaging
LogPluginManager: Mounting plugin GooglePAD
LogPluginManager: Mounting plugin IOSDeviceProfileSelector
LogPluginManager: Mounting plugin LinuxDeviceProfileSelector
LogPluginManager: Mounting plugin LocationServicesBPLibrary
LogPluginManager: Mounting plugin MobilePatchingUtils
LogPluginManager: Mounting plugin OculusVR
LogPluginManager: Mounting plugin PhysXVehicles
LogPluginManager: Mounting plugin PostSplashScreen
LogPluginManager: Mounting plugin ProceduralMeshComponent
LogPluginManager: Mounting plugin RuntimePhysXCooking
LogPluginManager: Mounting plugin SignificanceManager
LogPluginManager: Mounting plugin SoundFields
LogPluginManager: Mounting plugin SteamVR
LogPluginManager: Mounting plugin Synthesis
LogPluginManager: Mounting plugin WebMMoviePlayer
LogPluginManager: Mounting plugin WindowsMoviePlayer
LogPluginManager: Mounting plugin ScreenshotTools
LogInit: Using libcurl 7.55.1-DEV
LogInit:  - built for x86_64-pc-win32
LogInit:  - supports SSL with OpenSSL/1.1.1
LogInit:  - supports HTTP deflate (compression) using libz 1.2.8
LogInit:  - other features:
LogInit:      CURL_VERSION_SSL
LogInit:      CURL_VERSION_LIBZ
LogInit:      CURL_VERSION_IPV6
LogInit:      CURL_VERSION_ASYNCHDNS
LogInit:      CURL_VERSION_LARGEFILE
LogInit:      CURL_VERSION_IDN
LogInit:  CurlRequestOptions (configurable via config and command line):
LogInit:  - bVerifyPeer = true  - Libcurl will verify peer certificate
LogInit:  - bUseHttpProxy = false  - Libcurl will NOT use HTTP proxy
LogInit:  - bDontReuseConnections = false  - Libcurl will reuse connections
LogInit:  - MaxHostConnections = 16  - Libcurl will limit the number of connections to a host
LogInit:  - LocalHostAddr = Default
LogInit:  - BufferSize = 65536
LogOnline: OSS: Creating online subsystem instance for: NULL
LogInit: WinSock: version 1.1 (2.2), MaxSocks=32767, MaxUdp=65467
LogOnline: OSS: TryLoadSubsystemAndSetDefault: Loaded subsystem for module [NULL]
LogInit: Build: ++UE4+Release-4.25-CL-13942748
LogInit: Engine Version: 4.25.3-13942748+++UE4+Release-4.25
LogInit: Compatible Engine Version: 4.25.0-13144385+++UE4+Release-4.25
LogInit: Net CL: 13144385
LogInit: OS: Windows 10 (Release 1903) (), CPU: Intel(R) Core(TM) i7-9750H CPU @ 2.60GHz, GPU: Intel(R) UHD Graphics 630
LogInit: Compiled (64-bit): Jul 25 2020 02:07:48
LogInit: Compiled with Visual C++: 19.24.28315.00
LogInit: Build Configuration: Development
LogInit: Branch Name: ++UE4+Release-4.25
LogInit: Command Line:  -skipcompile
LogInit: Base Directory: D:/UE_4.25/Engine/Binaries/Win64/
LogInit: Allocator: TBB
LogInit: Installed Engine Build: 1
LogDevObjectVersion: Number of dev versions registered: 26
LogDevObjectVersion:   Dev-Blueprints (B0D832E4-1F89-4F0D-ACCF-7EB736FD4AA2): 10
LogDevObjectVersion:   Dev-Build (E1C64328-A22C-4D53-A36C-8E866417BD8C): 0
LogDevObjectVersion:   Dev-Core (375EC13C-06E4-48FB-B500-84F0262A717E): 4
LogDevObjectVersion:   Dev-Editor (E4B068ED-F494-42E9-A231-DA0B2E46BB41): 38
LogDevObjectVersion:   Dev-Framework (CFFC743F-43B0-4480-9391-14DF171D2073): 37
LogDevObjectVersion:   Dev-Mobile (B02B49B5-BB20-44E9-A304-32B752E40360): 2
LogDevObjectVersion:   Dev-Networking (A4E4105C-59A1-49B5-A7C5-40C4547EDFEE): 0
LogDevObjectVersion:   Dev-Online (39C831C9-5AE6-47DC-9A44-9C173E1C8E7C): 0
LogDevObjectVersion:   Dev-Physics (78F01B33-EBEA-4F98-B9B4-84EACCB95AA2): 4
LogDevObjectVersion:   Dev-Platform (6631380F-2D4D-43E0-8009-CF276956A95A): 0
LogDevObjectVersion:   Dev-Rendering (12F88B9F-8875-4AFC-A67C-D90C383ABD29): 43
LogDevObjectVersion:   Dev-Sequencer (7B5AE74C-D270-4C10-A958-57980B212A5A): 12
LogDevObjectVersion:   Dev-VR (D7296918-1DD6-4BDD-9DE2-64A83CC13884): 3
LogDevObjectVersion:   Dev-LoadTimes (C2A15278-BFE7-4AFE-6C17-90FF531DF755): 1
LogDevObjectVersion:   Private-Geometry (6EACA3D4-40EC-4CC1-B786-8BED09428FC5): 3
LogDevObjectVersion:   Dev-AnimPhys (29E575DD-E0A3-4627-9D10-D276232CDCEA): 17
LogDevObjectVersion:   Dev-Anim (AF43A65D-7FD3-4947-9873-3E8ED9C1BB05): 7
LogDevObjectVersion:   Dev-ReflectionCapture (6B266CEC-1EC7-4B8F-A30B-E4D90942FC07): 1
LogDevObjectVersion:   Dev-Automation (0DF73D61-A23F-47EA-B727-89E90C41499A): 1
LogDevObjectVersion:   FortniteMain (601D1886-AC64-4F84-AA16-D3DE0DEAC7D6): 31
LogDevObjectVersion:   Dev-Enterprise (9DFFBCD6-494F-0158-E221-12823C92A888): 10
LogDevObjectVersion:   Dev-Niagara (F2AED0AC-9AFE-416F-8664-AA7FFA26D6FC): 1
LogDevObjectVersion:   Dev-Destruction (174F1F0B-B4C6-45A5-B13F-2EE8D0FB917D): 10
LogDevObjectVersion:   Dev-Physics-Ext (35F94A83-E258-406C-A318-09F59610247C): 37
LogDevObjectVersion:   Dev-PhysicsMaterial-Chaos (B68FC16E-8B1B-42E2-B453-215C058844FE): 1
LogDevObjectVersion:   Dev-CineCamera (B2E18506-4273-CFC2-A54E-F4BB758BBA07): 1
LogInit: Presizing for max 25165824 objects, including 0 objects not considered by GC, pre-allocating 0 bytes for permanent pool.
LogConfig: Applying CVar settings from Section [/Script/Engine.StreamingSettings] File [D:/HighLevelDevelopment/Assignment2/GAM1516_010_NhatTruong/NTPong/Saved/Config/Windows/Engine.ini]
LogConfig: Setting CVar [[s.MinBulkDataSizeForAsyncLoading:131072]]
LogConfig: Setting CVar [[s.AsyncLoadingThreadEnabled:0]]
LogConfig: Setting CVar [[s.EventDrivenLoaderEnabled:1]]
LogConfig: Setting CVar [[s.WarnIfTimeLimitExceeded:0]]
LogConfig: Setting CVar [[s.TimeLimitExceededMultiplier:1.5]]
LogConfig: Setting CVar [[s.TimeLimitExceededMinTime:0.005]]
LogConfig: Setting CVar [[s.UseBackgroundLevelStreaming:1]]
LogConfig: Setting CVar [[s.PriorityAsyncLoadingExtraTime:15.0]]
LogConfig: Setting CVar [[s.LevelStreamingActorsUpdateTimeLimit:5.0]]
LogConfig: Setting CVar [[s.PriorityLevelStreamingActorsUpdateExtraTime:5.0]]
LogConfig: Setting CVar [[s.LevelStreamingComponentsRegistrationGranularity:10]]
LogConfig: Setting CVar [[s.UnregisterComponentsTimeLimit:1.0]]
LogConfig: Setting CVar [[s.LevelStreamingComponentsUnregistrationGranularity:5]]
LogConfig: Setting CVar [[s.FlushStreamingOnExit:1]]
LogInit: Object subsystem initialized
LogConfig: Setting CVar [[con.DebugEarlyDefault:1]]
LogConfig: Setting CVar [[r.setres:1280x720]]
[2020.11.12-21.10.41:143][  0]LogConfig: Setting CVar [[r.VSync:0]]
[2020.11.12-21.10.41:143][  0]LogConfig: Setting CVar [[r.RHICmdBypass:0]]
[2020.11.12-21.10.41:143][  0]LogConfig: Applying CVar settings from Section [/Script/Engine.RendererSettings] File [D:/HighLevelDevelopment/Assignment2/GAM1516_010_NhatTruong/NTPong/Saved/Config/Windows/Engine.ini]
[2020.11.12-21.10.41:143][  0]LogConfig: Setting CVar [[r.GPUCrashDebugging:0]]
[2020.11.12-21.10.41:143][  0]LogConfig: Setting CVar [[r.TranslucentSortPolicy:0]]
[2020.11.12-21.10.41:143][  0]LogConfig: Applying CVar settings from Section [/Script/Engine.RendererOverrideSettings] File [D:/HighLevelDevelopment/Assignment2/GAM1516_010_NhatTruong/NTPong/Saved/Config/Windows/Engine.ini]
[2020.11.12-21.10.41:143][  0]LogConfig: Applying CVar settings from Section [/Script/Engine.StreamingSettings] File [D:/HighLevelDevelopment/Assignment2/GAM1516_010_NhatTruong/NTPong/Saved/Config/Windows/Engine.ini]
[2020.11.12-21.10.41:143][  0]LogConfig: Setting CVar [[s.MinBulkDataSizeForAsyncLoading:131072]]
[2020.11.12-21.10.41:143][  0]LogConfig: Setting CVar [[s.AsyncLoadingThreadEnabled:0]]
[2020.11.12-21.10.41:143][  0]LogConfig: Setting CVar [[s.EventDrivenLoaderEnabled:1]]
[2020.11.12-21.10.41:144][  0]LogConfig: Setting CVar [[s.WarnIfTimeLimitExceeded:0]]
[2020.11.12-21.10.41:144][  0]LogConfig: Setting CVar [[s.TimeLimitExceededMultiplier:1.5]]
[2020.11.12-21.10.41:144][  0]LogConfig: Setting CVar [[s.TimeLimitExceededMinTime:0.005]]
[2020.11.12-21.10.41:144][  0]LogConfig: Setting CVar [[s.UseBackgroundLevelStreaming:1]]
[2020.11.12-21.10.41:144][  0]LogConfig: Setting CVar [[s.PriorityAsyncLoadingExtraTime:15.0]]
[2020.11.12-21.10.41:144][  0]LogConfig: Setting CVar [[s.LevelStreamingActorsUpdateTimeLimit:5.0]]
[2020.11.12-21.10.41:144][  0]LogConfig: Setting CVar [[s.PriorityLevelStreamingActorsUpdateExtraTime:5.0]]
[2020.11.12-21.10.41:144][  0]LogConfig: Setting CVar [[s.LevelStreamingComponentsRegistrationGranularity:10]]
[2020.11.12-21.10.41:144][  0]LogConfig: Setting CVar [[s.UnregisterComponentsTimeLimit:1.0]]
[2020.11.12-21.10.41:144][  0]LogConfig: Setting CVar [[s.LevelStreamingComponentsUnregistrationGranularity:5]]
[2020.11.12-21.10.41:144][  0]LogConfig: Setting CVar [[s.FlushStreamingOnExit:1]]
[2020.11.12-21.10.41:144][  0]LogConfig: Applying CVar settings from Section [/Script/Engine.GarbageCollectionSettings] File [D:/HighLevelDevelopment/Assignment2/GAM1516_010_NhatTruong/NTPong/Saved/Config/Windows/Engine.ini]
[2020.11.12-21.10.41:144][  0]LogConfig: Setting CVar [[gc.MaxObjectsNotConsideredByGC:1]]
[2020.11.12-21.10.41:145][  0]LogConfig: Setting CVar [[gc.SizeOfPermanentObjectPool:0]]
[2020.11.12-21.10.41:145][  0]LogConfig: Setting CVar [[gc.FlushStreamingOnGC:0]]
[2020.11.12-21.10.41:145][  0]LogConfig: Setting CVar [[gc.NumRetriesBeforeForcingGC:10]]
[2020.11.12-21.10.41:145][  0]LogConfig: Setting CVar [[gc.AllowParallelGC:1]]
[2020.11.12-21.10.41:145][  0]LogConfig: Setting CVar [[gc.TimeBetweenPurgingPendingKillObjects:61.1]]
[2020.11.12-21.10.41:145][  0]LogConfig: Setting CVar [[gc.MaxObjectsInEditor:25165824]]
[2020.11.12-21.10.41:145][  0]LogConfig: Setting CVar [[gc.IncrementalBeginDestroyEnabled:1]]
[2020.11.12-21.10.41:145][  0]LogConfig: Setting CVar [[gc.CreateGCClusters:1]]
[2020.11.12-21.10.41:145][  0]LogConfig: Setting CVar [[gc.MinGCClusterSize:5]]
[2020.11.12-21.10.41:145][  0]LogConfig: Setting CVar [[gc.ActorClusteringEnabled:0]]
[2020.11.12-21.10.41:145][  0]LogConfig: Setting CVar [[gc.BlueprintClusteringEnabled:0]]
[2020.11.12-21.10.41:145][  0]LogConfig: Setting CVar [[gc.UseDisregardForGCOnDedicatedServers:0]]
[2020.11.12-21.10.41:146][  0]LogConfig: Applying CVar settings from Section [/Script/Engine.NetworkSettings] File [D:/HighLevelDevelopment/Assignment2/GAM1516_010_NhatTruong/NTPong/Saved/Config/Windows/Engine.ini]
[2020.11.12-21.10.41:146][  0]LogConfig: Applying CVar settings from Section [/Script/UnrealEd.CookerSettings] File [D:/HighLevelDevelopment/Assignment2/GAM1516_010_NhatTruong/NTPong/Saved/Config/Windows/Engine.ini]
[2020.11.12-21.10.41:157][  0]LogConfig: Applying CVar settings from Section [ViewDistanceQuality@3] File [D:/HighLevelDevelopment/Assignment2/GAM1516_010_NhatTruong/NTPong/Saved/Config/Windows/Scalability.ini]
[2020.11.12-21.10.41:157][  0]LogConfig: Setting CVar [[r.SkeletalMeshLODBias:0]]
[2020.11.12-21.10.41:157][  0]LogConfig: Setting CVar [[r.ViewDistanceScale:1.0]]
[2020.11.12-21.10.41:157][  0]LogConfig: Applying CVar settings from Section [AntiAliasingQuality@3] File [D:/HighLevelDevelopment/Assignment2/GAM1516_010_NhatTruong/NTPong/Saved/Config/Windows/Scalability.ini]
[2020.11.12-21.10.41:157][  0]LogConfig: Setting CVar [[r.PostProcessAAQuality:4]]
[2020.11.12-21.10.41:157][  0]LogConfig: Applying CVar settings from Section [ShadowQuality@3] File [D:/HighLevelDevelopment/Assignment2/GAM1516_010_NhatTruong/NTPong/Saved/Config/Windows/Scalability.ini]
[2020.11.12-21.10.41:157][  0]LogConfig: Setting CVar [[r.LightFunctionQuality:1]]
[2020.11.12-21.10.41:157][  0]LogConfig: Setting CVar [[r.ShadowQuality:5]]
[2020.11.12-21.10.41:157][  0]LogConfig: Setting CVar [[r.Shadow.CSM.MaxCascades:10]]
[2020.11.12-21.10.41:157][  0]LogConfig: Setting CVar [[r.Shadow.MaxResolution:2048]]
[2020.11.12-21.10.41:157][  0]LogConfig: Setting CVar [[r.Shadow.MaxCSMResolution:2048]]
[2020.11.12-21.10.41:157][  0]LogConfig: Setting CVar [[r.Shadow.RadiusThreshold:0.01]]
[2020.11.12-21.10.41:158][  0]LogConfig: Setting CVar [[r.Shadow.DistanceScale:1.0]]
[2020.11.12-21.10.41:158][  0]LogConfig: Setting CVar [[r.Shadow.CSM.TransitionScale:1.0]]
[2020.11.12-21.10.41:158][  0]LogConfig: Setting CVar [[r.Shadow.PreShadowResolutionFactor:1.0]]
[2020.11.12-21.10.41:158][  0]LogConfig: Setting CVar [[r.DistanceFieldShadowing:1]]
[2020.11.12-21.10.41:158][  0]LogConfig: Setting CVar [[r.DistanceFieldAO:1]]
[2020.11.12-21.10.41:158][  0]LogConfig: Setting CVar [[r.AOQuality:2]]
[2020.11.12-21.10.41:158][  0]LogConfig: Setting CVar [[r.VolumetricFog:1]]
[2020.11.12-21.10.41:158][  0]LogConfig: Setting CVar [[r.VolumetricFog.GridPixelSize:8]]
[2020.11.12-21.10.41:158][  0]LogConfig: Setting CVar [[r.VolumetricFog.GridSizeZ:128]]
[2020.11.12-21.10.41:158][  0]LogConfig: Setting CVar [[r.VolumetricFog.HistoryMissSupersampleCount:4]]
[2020.11.12-21.10.41:158][  0]LogConfig: Setting CVar [[r.LightMaxDrawDistanceScale:1]]
[2020.11.12-21.10.41:158][  0]LogConfig: Setting CVar [[r.CapsuleShadows:1]]
[2020.11.12-21.10.41:158][  0]LogConfig: Applying CVar settings from Section [PostProcessQuality@3] File [D:/HighLevelDevelopment/Assignment2/GAM1516_010_NhatTruong/NTPong/Saved/Config/Windows/Scalability.ini]
[2020.11.12-21.10.41:158][  0]LogConfig: Setting CVar [[r.MotionBlurQuality:4]]
[2020.11.12-21.10.41:159][  0]LogConfig: Setting CVar [[r.AmbientOcclusionMipLevelFactor:0.4]]
[2020.11.12-21.10.41:159][  0]LogConfig: Setting CVar [[r.AmbientOcclusionMaxQuality:100]]
[2020.11.12-21.10.41:159][  0]LogConfig: Setting CVar [[r.AmbientOcclusionLevels:-1]]
[2020.11.12-21.10.41:159][  0]LogConfig: Setting CVar [[r.AmbientOcclusionRadiusScale:1.0]]
[2020.11.12-21.10.41:159][  0]LogConfig: Setting CVar [[r.DepthOfFieldQuality:2]]
[2020.11.12-21.10.41:159][  0]LogConfig: Setting CVar [[r.RenderTargetPoolMin:400]]
[2020.11.12-21.10.41:159][  0]LogConfig: Setting CVar [[r.LensFlareQuality:2]]
[2020.11.12-21.10.41:159][  0]LogConfig: Setting CVar [[r.SceneColorFringeQuality:1]]
[2020.11.12-21.10.41:159][  0]LogConfig: Setting CVar [[r.EyeAdaptationQuality:2]]
[2020.11.12-21.10.41:159][  0]LogConfig: Setting CVar [[r.BloomQuality:5]]
[2020.11.12-21.10.41:159][  0]LogConfig: Setting CVar [[r.FastBlurThreshold:100]]
[2020.11.12-21.10.41:159][  0]LogConfig: Setting CVar [[r.Upscale.Quality:3]]
[2020.11.12-21.10.41:159][  0]LogConfig: Setting CVar [[r.Tonemapper.GrainQuantization:1]]
[2020.11.12-21.10.41:159][  0]LogConfig: Setting CVar [[r.LightShaftQuality:1]]
[2020.11.12-21.10.41:160][  0]LogConfig: Setting CVar [[r.Filter.SizeScale:1]]
[2020.11.12-21.10.41:160][  0]LogConfig: Setting CVar [[r.Tonemapper.Quality:5]]
[2020.11.12-21.10.41:160][  0]LogConfig: Setting CVar [[r.DOF.Gather.AccumulatorQuality:1        ; higher gathering accumulator quality]]
[2020.11.12-21.10.41:160][  0]LogConfig: Setting CVar [[r.DOF.Gather.PostfilterMethod:1          ; Median3x3 postfilering method]]
[2020.11.12-21.10.41:160][  0]LogConfig: Setting CVar [[r.DOF.Gather.EnableBokehSettings:0       ; no bokeh simulation when gathering]]
[2020.11.12-21.10.41:160][  0]LogConfig: Setting CVar [[r.DOF.Gather.RingCount:4                 ; medium number of samples when gathering]]
[2020.11.12-21.10.41:160][  0]LogConfig: Setting CVar [[r.DOF.Scatter.ForegroundCompositing:1    ; additive foreground scattering]]
[2020.11.12-21.10.41:160][  0]LogConfig: Setting CVar [[r.DOF.Scatter.BackgroundCompositing:2    ; additive background scattering]]
[2020.11.12-21.10.41:160][  0]LogConfig: Setting CVar [[r.DOF.Scatter.EnableBokehSettings:1      ; bokeh simulation when scattering]]
[2020.11.12-21.10.41:160][  0]LogConfig: Setting CVar [[r.DOF.Scatter.MaxSpriteRatio:0.1         ; only a maximum of 10% of scattered bokeh]]
[2020.11.12-21.10.41:160][  0]LogConfig: Setting CVar [[r.DOF.Recombine.Quality:1                ; cheap slight out of focus]]
[2020.11.12-21.10.41:160][  0]LogConfig: Setting CVar [[r.DOF.Recombine.EnableBokehSettings:0    ; no bokeh simulation on slight out of focus]]
[2020.11.12-21.10.41:160][  0]LogConfig: Setting CVar [[r.DOF.TemporalAAQuality:1                ; more stable temporal accumulation]]
[2020.11.12-21.10.41:160][  0]LogConfig: Setting CVar [[r.DOF.Kernel.MaxForegroundRadius:0.025]]
[2020.11.12-21.10.41:161][  0]LogConfig: Setting CVar [[r.DOF.Kernel.MaxBackgroundRadius:0.025]]
[2020.11.12-21.10.41:161][  0]LogConfig: Applying CVar settings from Section [TextureQuality@3] File [D:/HighLevelDevelopment/Assignment2/GAM1516_010_NhatTruong/NTPong/Saved/Config/Windows/Scalability.ini]
[2020.11.12-21.10.41:161][  0]LogConfig: Setting CVar [[r.Streaming.MipBias:0]]
[2020.11.12-21.10.41:161][  0]LogConfig: Setting CVar [[r.Streaming.AmortizeCPUToGPUCopy:0]]
[2020.11.12-21.10.41:161][  0]LogConfig: Setting CVar [[r.Streaming.MaxNumTexturesToStreamPerFrame:0]]
[2020.11.12-21.10.41:161][  0]LogConfig: Setting CVar [[r.Streaming.Boost:1]]
[2020.11.12-21.10.41:161][  0]LogConfig: Setting CVar [[r.MaxAnisotropy:8]]
[2020.11.12-21.10.41:161][  0]LogConfig: Setting CVar [[r.VT.MaxAnisotropy:8]]
[2020.11.12-21.10.41:162][  0]LogConfig: Setting CVar [[r.Streaming.LimitPoolSizeToVRAM:0]]
[2020.11.12-21.10.41:162][  0]LogConfig: Setting CVar [[r.Streaming.PoolSize:1000]]
[2020.11.12-21.10.41:162][  0]LogConfig: Setting CVar [[r.Streaming.MaxEffectiveScreenSize:0]]
[2020.11.12-21.10.41:162][  0]LogConfig: Applying CVar settings from Section [EffectsQuality@3] File [D:/HighLevelDevelopment/Assignment2/GAM1516_010_NhatTruong/NTPong/Saved/Config/Windows/Scalability.ini]
[2020.11.12-21.10.41:162][  0]LogConfig: Setting CVar [[r.TranslucencyLightingVolumeDim:64]]
[2020.11.12-21.10.41:162][  0]LogConfig: Setting CVar [[r.RefractionQuality:2]]
[2020.11.12-21.10.41:162][  0]LogConfig: Setting CVar [[r.SSR.Quality:3]]
[2020.11.12-21.10.41:162][  0]LogConfig: Setting CVar [[r.SSR.HalfResSceneColor:0]]
[2020.11.12-21.10.41:162][  0]LogConfig: Setting CVar [[r.SceneColorFormat:4]]
[2020.11.12-21.10.41:162][  0]LogConfig: Setting CVar [[r.DetailMode:2]]
[2020.11.12-21.10.41:162][  0]LogConfig: Setting CVar [[r.TranslucencyVolumeBlur:1]]
[2020.11.12-21.10.41:162][  0]LogConfig: Setting CVar [[r.MaterialQualityLevel:1 ; High quality]]
[2020.11.12-21.10.41:163][  0]LogConfig: Setting CVar [[r.SSS.Scale:1]]
[2020.11.12-21.10.41:163][  0]LogConfig: Setting CVar [[r.SSS.SampleSet:2]]
[2020.11.12-21.10.41:163][  0]LogConfig: Setting CVar [[r.SSS.Quality:1]]
[2020.11.12-21.10.41:163][  0]LogConfig: Setting CVar [[r.SSS.HalfRes:0]]
[2020.11.12-21.10.41:163][  0]LogConfig: Setting CVar [[r.SSGI.Quality:3]]
[2020.11.12-21.10.41:163][  0]LogConfig: Setting CVar [[r.EmitterSpawnRateScale:1.0]]
[2020.11.12-21.10.41:163][  0]LogConfig: Setting CVar [[r.ParticleLightQuality:2]]
[2020.11.12-21.10.41:163][  0]LogConfig: Setting CVar [[r.SkyAtmosphere.AerialPerspectiveLUT.FastApplyOnOpaque:1 ; Always have FastSkyLUT 1 in this case to avoid wrong sky]]
[2020.11.12-21.10.41:163][  0]LogConfig: Setting CVar [[r.SkyAtmosphere.AerialPerspectiveLUT.SampleCountPerSlice:1]]
[2020.11.12-21.10.41:164][  0]LogConfig: Setting CVar [[r.SkyAtmosphere.AerialPerspectiveLUT.DepthResolution:16.0]]
[2020.11.12-21.10.41:164][  0]LogConfig: Setting CVar [[r.SkyAtmosphere.FastSkyLUT:1]]
[2020.11.12-21.10.41:164][  0]LogConfig: Setting CVar [[r.SkyAtmosphere.FastSkyLUT.SampleCountMin:4.0]]
[2020.11.12-21.10.41:164][  0]LogConfig: Setting CVar [[r.SkyAtmosphere.FastSkyLUT.SampleCountMax:32.0]]
[2020.11.12-21.10.41:164][  0]LogConfig: Setting CVar [[r.SkyAtmosphere.SampleCountMin:4.0]]
[2020.11.12-21.10.41:164][  0]LogConfig: Setting CVar [[r.SkyAtmosphere.SampleCountMax:32.0]]
[2020.11.12-21.10.41:164][  0]LogConfig: Setting CVar [[r.SkyAtmosphere.TransmittanceLUT.UseSmallFormat:0]]
[2020.11.12-21.10.41:164][  0]LogConfig: Setting CVar [[r.SkyAtmosphere.TransmittanceLUT.SampleCount:10.0]]
[2020.11.12-21.10.41:164][  0]LogConfig: Setting CVar [[r.SkyAtmosphere.MultiScatteringLUT.SampleCount:15.0]]
[2020.11.12-21.10.41:164][  0]LogConfig: Applying CVar settings from Section [FoliageQuality@3] File [D:/HighLevelDevelopment/Assignment2/GAM1516_010_NhatTruong/NTPong/Saved/Config/Windows/Scalability.ini]
[2020.11.12-21.10.41:164][  0]LogConfig: Setting CVar [[foliage.DensityScale:1.0]]
[2020.11.12-21.10.41:164][  0]LogConfig: Setting CVar [[grass.DensityScale:1.0]]
[2020.11.12-21.10.41:165][  0]LogConfig: Applying CVar settings from Section [ShadingQuality@3] File [D:/HighLevelDevelopment/Assignment2/GAM1516_010_NhatTruong/NTPong/Saved/Config/Windows/Scalability.ini]
[2020.11.12-21.10.41:165][  0]LogConfig: Setting CVar [[r.HairStrands.SkyLighting.SampleCount:16]]
[2020.11.12-21.10.41:165][  0]LogConfig: Setting CVar [[r.HairStrands.SkyLighting.JitterIntegration:0]]
[2020.11.12-21.10.41:165][  0]LogConfig: Setting CVar [[r.HairStrands.SkyAO.SampleCount:16]]
[2020.11.12-21.10.41:165][  0]LogConfig: Setting CVar [[r.HairStrands.DeepShadow.SuperSampling:0]]
[2020.11.12-21.10.41:165][  0]LogConfig: Setting CVar [[r.HairStrands.VisibilityPPLL:0]]
[2020.11.12-21.10.41:165][  0]LogConfig: Setting CVar [[r.HairStrands.RasterizationScale:0.5]]
[2020.11.12-21.10.41:165][  0]LogConfig: Setting CVar [[r.HairStrands.VelocityRasterizationScale:1]]
[2020.11.12-21.10.41:165][  0]LogInit: Selected Device Profile: [Windows]
[2020.11.12-21.10.41:165][  0]LogInit: Applying CVar settings loaded from the selected device profile: [Windows]
[2020.11.12-21.10.41:166][  0]LogHAL: Display: Platform has ~ 16 GB [16988299264 / 17179869184 / 16], which maps to Larger [LargestMinGB=32, LargerMinGB=12, DefaultMinGB=8, SmallerMinGB=6, SmallestMinGB=0)
[2020.11.12-21.10.41:166][  0]LogInit: Going up to parent DeviceProfile []
[2020.11.12-21.10.41:166][  0]LogConfig: Applying CVar settings from Section [ViewDistanceQuality@3] File [D:/HighLevelDevelopment/Assignment2/GAM1516_010_NhatTruong/NTPong/Saved/Config/Windows/Scalability.ini]
[2020.11.12-21.10.41:166][  0]LogConfig: Setting CVar [[r.SkeletalMeshLODBias:0]]
[2020.11.12-21.10.41:166][  0]LogConfig: Setting CVar [[r.ViewDistanceScale:1.0]]
[2020.11.12-21.10.41:166][  0]LogConfig: Applying CVar settings from Section [AntiAliasingQuality@3] File [D:/HighLevelDevelopment/Assignment2/GAM1516_010_NhatTruong/NTPong/Saved/Config/Windows/Scalability.ini]
[2020.11.12-21.10.41:166][  0]LogConfig: Setting CVar [[r.PostProcessAAQuality:4]]
[2020.11.12-21.10.41:166][  0]LogConfig: Applying CVar settings from Section [ShadowQuality@3] File [D:/HighLevelDevelopment/Assignment2/GAM1516_010_NhatTruong/NTPong/Saved/Config/Windows/Scalability.ini]
[2020.11.12-21.10.41:167][  0]LogConfig: Setting CVar [[r.LightFunctionQuality:1]]
[2020.11.12-21.10.41:167][  0]LogConfig: Setting CVar [[r.ShadowQuality:5]]
[2020.11.12-21.10.41:167][  0]LogConfig: Setting CVar [[r.Shadow.CSM.MaxCascades:10]]
[2020.11.12-21.10.41:167][  0]LogConfig: Setting CVar [[r.Shadow.MaxResolution:2048]]
[2020.11.12-21.10.41:167][  0]LogConfig: Setting CVar [[r.Shadow.MaxCSMResolution:2048]]
[2020.11.12-21.10.41:167][  0]LogConfig: Setting CVar [[r.Shadow.RadiusThreshold:0.01]]
[2020.11.12-21.10.41:167][  0]LogConfig: Setting CVar [[r.Shadow.DistanceScale:1.0]]
[2020.11.12-21.10.41:167][  0]LogConfig: Setting CVar [[r.Shadow.CSM.TransitionScale:1.0]]
[2020.11.12-21.10.41:167][  0]LogConfig: Setting CVar [[r.Shadow.PreShadowResolutionFactor:1.0]]
[2020.11.12-21.10.41:167][  0]LogConfig: Setting CVar [[r.DistanceFieldShadowing:1]]
[2020.11.12-21.10.41:167][  0]LogConfig: Setting CVar [[r.DistanceFieldAO:1]]
[2020.11.12-21.10.41:168][  0]LogConfig: Setting CVar [[r.AOQuality:2]]
[2020.11.12-21.10.41:168][  0]LogConfig: Setting CVar [[r.VolumetricFog:1]]
[2020.11.12-21.10.41:168][  0]LogConfig: Setting CVar [[r.VolumetricFog.GridPixelSize:8]]
[2020.11.12-21.10.41:168][  0]LogConfig: Setting CVar [[r.VolumetricFog.GridSizeZ:128]]
[2020.11.12-21.10.41:168][  0]LogConfig: Setting CVar [[r.VolumetricFog.HistoryMissSupersampleCount:4]]
[2020.11.12-21.10.41:168][  0]LogConfig: Setting CVar [[r.LightMaxDrawDistanceScale:1]]
[2020.11.12-21.10.41:168][  0]LogConfig: Setting CVar [[r.CapsuleShadows:1]]
[2020.11.12-21.10.41:168][  0]LogConfig: Applying CVar settings from Section [PostProcessQuality@3] File [D:/HighLevelDevelopment/Assignment2/GAM1516_010_NhatTruong/NTPong/Saved/Config/Windows/Scalability.ini]
[2020.11.12-21.10.41:168][  0]LogConfig: Setting CVar [[r.MotionBlurQuality:4]]
[2020.11.12-21.10.41:168][  0]LogConfig: Setting CVar [[r.AmbientOcclusionMipLevelFactor:0.4]]
[2020.11.12-21.10.41:169][  0]LogConfig: Setting CVar [[r.AmbientOcclusionMaxQuality:100]]
[2020.11.12-21.10.41:169][  0]LogConfig: Setting CVar [[r.AmbientOcclusionLevels:-1]]
[2020.11.12-21.10.41:169][  0]LogConfig: Setting CVar [[r.AmbientOcclusionRadiusScale:1.0]]
[2020.11.12-21.10.41:169][  0]LogConfig: Setting CVar [[r.DepthOfFieldQuality:2]]
[2020.11.12-21.10.41:169][  0]LogConfig: Setting CVar [[r.RenderTargetPoolMin:400]]
[2020.11.12-21.10.41:169][  0]LogConfig: Setting CVar [[r.LensFlareQuality:2]]
[2020.11.12-21.10.41:169][  0]LogConfig: Setting CVar [[r.SceneColorFringeQuality:1]]
[2020.11.12-21.10.41:169][  0]LogConfig: Setting CVar [[r.EyeAdaptationQuality:2]]
[2020.11.12-21.10.41:169][  0]LogConfig: Setting CVar [[r.BloomQuality:5]]
[2020.11.12-21.10.41:169][  0]LogConfig: Setting CVar [[r.FastBlurThreshold:100]]
[2020.11.12-21.10.41:169][  0]LogConfig: Setting CVar [[r.Upscale.Quality:3]]
[2020.11.12-21.10.41:169][  0]LogConfig: Setting CVar [[r.Tonemapper.GrainQuantization:1]]
[2020.11.12-21.10.41:169][  0]LogConfig: Setting CVar [[r.LightShaftQuality:1]]
[2020.11.12-21.10.41:170][  0]LogConfig: Setting CVar [[r.Filter.SizeScale:1]]
[2020.11.12-21.10.41:170][  0]LogConfig: Setting CVar [[r.Tonemapper.Quality:5]]
[2020.11.12-21.10.41:170][  0]LogConfig: Setting CVar [[r.DOF.Gather.AccumulatorQuality:1        ; higher gathering accumulator quality]]
[2020.11.12-21.10.41:170][  0]LogConfig: Setting CVar [[r.DOF.Gather.PostfilterMethod:1          ; Median3x3 postfilering method]]
[2020.11.12-21.10.41:170][  0]LogConfig: Setting CVar [[r.DOF.Gather.EnableBokehSettings:0       ; no bokeh simulation when gathering]]
[2020.11.12-21.10.41:170][  0]LogConfig: Setting CVar [[r.DOF.Gather.RingCount:4                 ; medium number of samples when gathering]]
[2020.11.12-21.10.41:170][  0]LogConfig: Setting CVar [[r.DOF.Scatter.ForegroundCompositing:1    ; additive foreground scattering]]
[2020.11.12-21.10.41:170][  0]LogConfig: Setting CVar [[r.DOF.Scatter.BackgroundCompositing:2    ; additive background scattering]]
[2020.11.12-21.10.41:170][  0]LogConfig: Setting CVar [[r.DOF.Scatter.EnableBokehSettings:1      ; bokeh simulation when scattering]]
[2020.11.12-21.10.41:170][  0]LogConfig: Setting CVar [[r.DOF.Scatter.MaxSpriteRatio:0.1         ; only a maximum of 10% of scattered bokeh]]
[2020.11.12-21.10.41:170][  0]LogConfig: Setting CVar [[r.DOF.Recombine.Quality:1                ; cheap slight out of focus]]
[2020.11.12-21.10.41:170][  0]LogConfig: Setting CVar [[r.DOF.Recombine.EnableBokehSettings:0    ; no bokeh simulation on slight out of focus]]
[2020.11.12-21.10.41:171][  0]LogConfig: Setting CVar [[r.DOF.TemporalAAQuality:1                ; more stable temporal accumulation]]
[2020.11.12-21.10.41:171][  0]LogConfig: Setting CVar [[r.DOF.Kernel.MaxForegroundRadius:0.025]]
[2020.11.12-21.10.41:171][  0]LogConfig: Setting CVar [[r.DOF.Kernel.MaxBackgroundRadius:0.025]]
[2020.11.12-21.10.41:171][  0]LogConfig: Applying CVar settings from Section [TextureQuality@3] File [D:/HighLevelDevelopment/Assignment2/GAM1516_010_NhatTruong/NTPong/Saved/Config/Windows/Scalability.ini]
[2020.11.12-21.10.41:171][  0]LogConfig: Setting CVar [[r.Streaming.MipBias:0]]
[2020.11.12-21.10.41:171][  0]LogConfig: Setting CVar [[r.Streaming.AmortizeCPUToGPUCopy:0]]
[2020.11.12-21.10.41:171][  0]LogConfig: Setting CVar [[r.Streaming.MaxNumTexturesToStreamPerFrame:0]]
[2020.11.12-21.10.41:171][  0]LogConfig: Setting CVar [[r.Streaming.Boost:1]]
[2020.11.12-21.10.41:171][  0]LogConfig: Setting CVar [[r.MaxAnisotropy:8]]
[2020.11.12-21.10.41:171][  0]LogConfig: Setting CVar [[r.VT.MaxAnisotropy:8]]
[2020.11.12-21.10.41:171][  0]LogConfig: Setting CVar [[r.Streaming.LimitPoolSizeToVRAM:0]]
[2020.11.12-21.10.41:171][  0]LogConfig: Setting CVar [[r.Streaming.PoolSize:1000]]
[2020.11.12-21.10.41:171][  0]LogConfig: Setting CVar [[r.Streaming.MaxEffectiveScreenSize:0]]
[2020.11.12-21.10.41:172][  0]LogConfig: Applying CVar settings from Section [EffectsQuality@3] File [D:/HighLevelDevelopment/Assignment2/GAM1516_010_NhatTruong/NTPong/Saved/Config/Windows/Scalability.ini]
[2020.11.12-21.10.41:172][  0]LogConfig: Setting CVar [[r.TranslucencyLightingVolumeDim:64]]
[2020.11.12-21.10.41:172][  0]LogConfig: Setting CVar [[r.RefractionQuality:2]]
[2020.11.12-21.10.41:172][  0]LogConfig: Setting CVar [[r.SSR.Quality:3]]
[2020.11.12-21.10.41:172][  0]LogConfig: Setting CVar [[r.SSR.HalfResSceneColor:0]]
[2020.11.12-21.10.41:172][  0]LogConfig: Setting CVar [[r.SceneColorFormat:4]]
[2020.11.12-21.10.41:172][  0]LogConfig: Setting CVar [[r.DetailMode:2]]
[2020.11.12-21.10.41:172][  0]LogConfig: Setting CVar [[r.TranslucencyVolumeBlur:1]]
[2020.11.12-21.10.41:172][  0]LogConfig: Setting CVar [[r.MaterialQualityLevel:1 ; High quality]]
[2020.11.12-21.10.41:172][  0]LogConfig: Setting CVar [[r.SSS.Scale:1]]
[2020.11.12-21.10.41:173][  0]LogConfig: Setting CVar [[r.SSS.SampleSet:2]]
[2020.11.12-21.10.41:173][  0]LogConfig: Setting CVar [[r.SSS.Quality:1]]
[2020.11.12-21.10.41:173][  0]LogConfig: Setting CVar [[r.SSS.HalfRes:0]]
[2020.11.12-21.10.41:173][  0]LogConfig: Setting CVar [[r.SSGI.Quality:3]]
[2020.11.12-21.10.41:173][  0]LogConfig: Setting CVar [[r.EmitterSpawnRateScale:1.0]]
[2020.11.12-21.10.41:173][  0]LogConfig: Setting CVar [[r.ParticleLightQuality:2]]
[2020.11.12-21.10.41:173][  0]LogConfig: Setting CVar [[r.SkyAtmosphere.AerialPerspectiveLUT.FastApplyOnOpaque:1 ; Always have FastSkyLUT 1 in this case to avoid wrong sky]]
[2020.11.12-21.10.41:173][  0]LogConfig: Setting CVar [[r.SkyAtmosphere.AerialPerspectiveLUT.SampleCountPerSlice:1]]
[2020.11.12-21.10.41:173][  0]LogConfig: Setting CVar [[r.SkyAtmosphere.AerialPerspectiveLUT.DepthResolution:16.0]]
[2020.11.12-21.10.41:173][  0]LogConfig: Setting CVar [[r.SkyAtmosphere.FastSkyLUT:1]]
[2020.11.12-21.10.41:173][  0]LogConfig: Setting CVar [[r.SkyAtmosphere.FastSkyLUT.SampleCountMin:4.0]]
[2020.11.12-21.10.41:173][  0]LogConfig: Setting CVar [[r.SkyAtmosphere.FastSkyLUT.SampleCountMax:32.0]]
[2020.11.12-21.10.41:174][  0]LogConfig: Setting CVar [[r.SkyAtmosphere.SampleCountMin:4.0]]
[2020.11.12-21.10.41:174][  0]LogConfig: Setting CVar [[r.SkyAtmosphere.SampleCountMax:32.0]]
[2020.11.12-21.10.41:174][  0]LogConfig: Setting CVar [[r.SkyAtmosphere.TransmittanceLUT.UseSmallFormat:0]]
[2020.11.12-21.10.41:174][  0]LogConfig: Setting CVar [[r.SkyAtmosphere.TransmittanceLUT.SampleCount:10.0]]
[2020.11.12-21.10.41:174][  0]LogConfig: Setting CVar [[r.SkyAtmosphere.MultiScatteringLUT.SampleCount:15.0]]
[2020.11.12-21.10.41:174][  0]LogConfig: Applying CVar settings from Section [FoliageQuality@3] File [D:/HighLevelDevelopment/Assignment2/GAM1516_010_NhatTruong/NTPong/Saved/Config/Windows/Scalability.ini]
[2020.11.12-21.10.41:174][  0]LogConfig: Setting CVar [[foliage.DensityScale:1.0]]
[2020.11.12-21.10.41:174][  0]LogConfig: Setting CVar [[grass.DensityScale:1.0]]
[2020.11.12-21.10.41:174][  0]LogConfig: Applying CVar settings from Section [ShadingQuality@3] File [D:/HighLevelDevelopment/Assignment2/GAM1516_010_NhatTruong/NTPong/Saved/Config/Windows/Scalability.ini]
[2020.11.12-21.10.41:174][  0]LogConfig: Setting CVar [[r.HairStrands.SkyLighting.SampleCount:16]]
[2020.11.12-21.10.41:174][  0]LogConfig: Setting CVar [[r.HairStrands.SkyLighting.JitterIntegration:0]]
[2020.11.12-21.10.41:174][  0]LogConfig: Setting CVar [[r.HairStrands.SkyAO.SampleCount:16]]
[2020.11.12-21.10.41:174][  0]LogConfig: Setting CVar [[r.HairStrands.DeepShadow.SuperSampling:0]]
[2020.11.12-21.10.41:174][  0]LogConfig: Setting CVar [[r.HairStrands.VisibilityPPLL:0]]
[2020.11.12-21.10.41:175][  0]LogConfig: Setting CVar [[r.HairStrands.RasterizationScale:0.5]]
[2020.11.12-21.10.41:175][  0]LogConfig: Setting CVar [[r.HairStrands.VelocityRasterizationScale:1]]
[2020.11.12-21.10.41:175][  0]LogConfig: Applying CVar settings from Section [Startup] File [../../../Engine/Config/ConsoleVariables.ini]
[2020.11.12-21.10.41:175][  0]LogConfig: Setting CVar [[net.UseAdaptiveNetUpdateFrequency:0]]
[2020.11.12-21.10.41:175][  0]LogConfig: Setting CVar [[p.chaos.AllowCreatePhysxBodies:1]]
[2020.11.12-21.10.41:175][  0]LogConfig: Setting CVar [[fx.SkipVectorVMBackendOptimizations:1]]
[2020.11.12-21.10.41:175][  0]LogConfig: Applying CVar settings from Section [ConsoleVariables] File [D:/HighLevelDevelopment/Assignment2/GAM1516_010_NhatTruong/NTPong/Saved/Config/Windows/Engine.ini]
[2020.11.12-21.10.41:175][  0]LogInit: Computer: DESKTOP-1CTBRQ9
[2020.11.12-21.10.41:175][  0]LogInit: User: minhn
[2020.11.12-21.10.41:176][  0]LogInit: CPU Page size=4096, Cores=6
[2020.11.12-21.10.41:176][  0]LogInit: High frequency timer resolution =10.000000 MHz
[2020.11.12-21.10.41:176][  0]LogMemory: Memory total: Physical=15.8GB (16GB approx)
[2020.11.12-21.10.41:176][  0]LogMemory: Platform Memory Stats for Windows
[2020.11.12-21.10.41:176][  0]LogMemory: Process Physical Memory: 116.22 MB used, 116.23 MB peak
[2020.11.12-21.10.41:176][  0]LogMemory: Process Virtual Memory: 105.56 MB used, 105.56 MB peak
[2020.11.12-21.10.41:176][  0]LogMemory: Physical Memory: 11109.17 MB used,  5092.13 MB free, 16201.30 MB total
[2020.11.12-21.10.41:176][  0]LogMemory: Virtual Memory: 5173.13 MB used,  134212552.00 MB free, 134217728.00 MB total
[2020.11.12-21.10.42:215][  0]LogWindows: WindowsPlatformFeatures enabled
[2020.11.12-21.10.42:970][  0]LogInit: Physics initialised using underlying interface: PhysX
[2020.11.12-21.10.42:972][  0]LogInit: Using OS detected language (en-US).
[2020.11.12-21.10.42:972][  0]LogInit: Using OS detected locale (en-CA).
[2020.11.12-21.10.42:977][  0]LogTextLocalizationManager: No specific localization for 'en-US' exists, so the 'en' localization will be used.
[2020.11.12-21.10.43:420][  0]LogInit: Setting process to per monitor DPI aware
[2020.11.12-21.10.43:512][  0]LogSlate: New Slate User Created.  User Index 0, Is Virtual User: 0
[2020.11.12-21.10.43:513][  0]LogSlate: Slate User Registered.  User Index 0, Is Virtual User: 0
[2020.11.12-21.10.43:834][  0]LogHMD: Failed to initialize OpenVR with code 110
[2020.11.12-21.10.43:834][  0]LogD3D11RHI: D3D11 min allowed feature level: 11_0
[2020.11.12-21.10.43:834][  0]LogD3D11RHI: D3D11 max allowed feature level: 11_0
[2020.11.12-21.10.43:834][  0]LogD3D11RHI: D3D11 adapters:
[2020.11.12-21.10.44:019][  0]LogD3D11RHI:    0. 'NVIDIA GeForce GTX 1650' (Feature Level 11_0)
[2020.11.12-21.10.44:020][  0]LogD3D11RHI:       3962/0/8100 MB DedicatedVideo/DedicatedSystem/SharedSystem, Outputs:1, VendorId:0x10de
[2020.11.12-21.10.44:092][  0]LogD3D11RHI:    1. 'Intel(R) UHD Graphics 630' (Feature Level 11_0)
[2020.11.12-21.10.44:092][  0]LogD3D11RHI:       128/0/8100 MB DedicatedVideo/DedicatedSystem/SharedSystem, Outputs:1, VendorId:0x8086
[2020.11.12-21.10.44:104][  0]LogD3D11RHI:    2. 'Microsoft Basic Render Driver' (Feature Level 11_0)
[2020.11.12-21.10.44:104][  0]LogD3D11RHI:       0/0/8100 MB DedicatedVideo/DedicatedSystem/SharedSystem, Outputs:0, VendorId:0x1414
[2020.11.12-21.10.44:104][  0]LogD3D11RHI: Chosen D3D11 Adapter: 0
[2020.11.12-21.10.44:160][  0]LogD3D11RHI: Creating new Direct3DDevice
[2020.11.12-21.10.44:161][  0]LogD3D11RHI:     GPU DeviceId: 0x1f91 (for the marketing name, search the web for "GPU Device Id")
[2020.11.12-21.10.44:161][  0]LogWindows: EnumDisplayDevices:
[2020.11.12-21.10.44:161][  0]LogWindows:    0. 'Intel(R) UHD Graphics 630' (P:0 D:1)
[2020.11.12-21.10.44:162][  0]LogWindows:    1. 'Intel(R) UHD Graphics 630' (P:0 D:0)
[2020.11.12-21.10.44:162][  0]LogWindows:    2. 'Intel(R) UHD Graphics 630' (P:0 D:0)
[2020.11.12-21.10.44:163][  0]LogWindows:    3. 'NVIDIA GeForce GTX 1650' (P:1 D:1)
[2020.11.12-21.10.44:163][  0]LogWindows: DebugString: PrimaryIsNotTheChoosenAdapter PrimaryIsNotTheChoosenAdapter PrimaryIsNotTheChoosenAdapter 
[2020.11.12-21.10.44:164][  0]LogD3D11RHI:     Adapter Name: NVIDIA GeForce GTX 1650
[2020.11.12-21.10.44:164][  0]LogD3D11RHI:   Driver Version: 441.45 (internal:26.21.14.4145, unified:441.45)
[2020.11.12-21.10.44:164][  0]LogD3D11RHI:      Driver Date: 11-26-2019
[2020.11.12-21.10.44:164][  0]LogRHI: Texture pool is 2773 MB (70% of 3962 MB)
[2020.11.12-21.10.44:263][  0]LogD3D11RHI: RHI has support for 64 bit atomics
[2020.11.12-21.10.44:267][  0]LogD3D11RHI: [Aftermath] Enabled and primed
[2020.11.12-21.10.44:267][  0]LogD3D11RHI: Async texture creation enabled
[2020.11.12-21.10.44:267][  0]LogD3D11RHI: Array index from any shader is supported
[2020.11.12-21.10.44:290][  0]LogD3D11RHI: GPU Timing Frequency: 1000.000000 (Debug: 2 1)
[2020.11.12-21.10.45:132][  0]LogTargetPlatformManager: Display: Loaded TargetPlatform 'AllDesktop'
[2020.11.12-21.10.45:183][  0]LogTargetPlatformManager: Display: Loaded TargetPlatform 'Android'
[2020.11.12-21.10.45:183][  0]LogTargetPlatformManager: Display: Loaded TargetPlatform 'Android_ASTC'
[2020.11.12-21.10.45:183][  0]LogTargetPlatformManager: Display: Loaded TargetPlatform 'Android_DXT'
[2020.11.12-21.10.45:183][  0]LogTargetPlatformManager: Display: Loaded TargetPlatform 'Android_ETC2'
[2020.11.12-21.10.45:183][  0]LogTargetPlatformManager: Display: Loaded TargetPlatform 'AndroidClient'
[2020.11.12-21.10.45:184][  0]LogTargetPlatformManager: Display: Loaded TargetPlatform 'Android_ASTCClient'
[2020.11.12-21.10.45:185][  0]LogTargetPlatformManager: Display: Loaded TargetPlatform 'Android_DXTClient'
[2020.11.12-21.10.45:185][  0]LogTargetPlatformManager: Display: Loaded TargetPlatform 'Android_ETC2Client'
[2020.11.12-21.10.45:185][  0]LogTargetPlatformManager: Display: Loaded TargetPlatform 'Android_Multi'
[2020.11.12-21.10.45:185][  0]LogTargetPlatformManager: Display: Loaded TargetPlatform 'Android_MultiClient'
[2020.11.12-21.10.45:251][  0]LogTargetPlatformManager: Display: Loaded TargetPlatform 'IOSClient'
[2020.11.12-21.10.45:251][  0]LogTargetPlatformManager: Display: Loaded TargetPlatform 'IOS'
[2020.11.12-21.10.45:275][  0]LogTargetPlatformManager: Display: Loaded TargetPlatform 'Linux'
[2020.11.12-21.10.45:295][  0]LogTargetPlatformManager: Display: Loaded TargetPlatform 'LinuxNoEditor'
[2020.11.12-21.10.45:321][  0]LogTargetPlatformManager: Display: Loaded TargetPlatform 'LinuxClient'
[2020.11.12-21.10.45:340][  0]LogTargetPlatformManager: Display: Loaded TargetPlatform 'LinuxServer'
[2020.11.12-21.10.45:365][  0]LogTargetPlatformManager: Display: Loaded TargetPlatform 'LinuxAArch64NoEditor'
[2020.11.12-21.10.45:388][  0]LogTargetPlatformManager: Display: Loaded TargetPlatform 'LinuxAArch64Client'
[2020.11.12-21.10.45:409][  0]LogTargetPlatformManager: Display: Loaded TargetPlatform 'LinuxAArch64Server'
[2020.11.12-21.10.45:468][  0]LogTargetPlatformManager: Display: Loaded TargetPlatform 'Lumin'
[2020.11.12-21.10.45:469][  0]LogTargetPlatformManager: Display: Loaded TargetPlatform 'LuminClient'
[2020.11.12-21.10.45:503][  0]LogTargetPlatformManager: Display: Loaded TargetPlatform 'TVOSClient'
[2020.11.12-21.10.45:503][  0]LogTargetPlatformManager: Display: Loaded TargetPlatform 'TVOS'
[2020.11.12-21.10.45:526][  0]LogTargetPlatformManager: Display: Loaded TargetPlatform 'WindowsNoEditor'
[2020.11.12-21.10.45:548][  0]LogTargetPlatformManager: Display: Loaded TargetPlatform 'Windows'
[2020.11.12-21.10.45:568][  0]LogTargetPlatformManager: Display: Loaded TargetPlatform 'WindowsClient'
[2020.11.12-21.10.45:584][  0]LogTargetPlatformManager: Display: Loaded TargetPlatform 'WindowsServer'
[2020.11.12-21.10.45:585][  0]LogTargetPlatformManager: Display: Building Assets For Windows
[2020.11.12-21.10.45:609][  0]LogAudioDebug: Display: Lib vorbis DLL was dynamically loaded.
[2020.11.12-21.10.45:794][  0]LogShaderCompilers: Guid format shader working directory is -30 characters bigger than the processId version (../../../../HighLevelDevelopment/Assignment2/GAM1516_010_NhatTruong/NTPong/Intermediate/Shaders/WorkingDirectory/212100/).
[2020.11.12-21.10.45:795][  0]LogShaderCompilers: Cleaned the shader compiler working directory 'C:/Users/minhn/AppData/Local/Temp/UnrealShaderWorkingDir/2F1B0778495C6E48024946922F52C350/'.
[2020.11.12-21.10.45:796][  0]LogXGEController: Cleaning working directory: C:/Users/minhn/AppData/Local/Temp/UnrealXGEWorkingDir/
[2020.11.12-21.10.45:796][  0]LogXGEController: Cannot use XGE Controller as Incredibuild is not installed on this machine.
[2020.11.12-21.10.45:797][  0]LogShaderCompilers: Cannot use XGE Shader Compiler as Incredibuild is not installed on this machine.
[2020.11.12-21.10.45:797][  0]LogShaderCompilers: Display: Using Local Shader Compiler.
[2020.11.12-21.10.47:051][  0]LogDerivedDataCache: Display: Max Cache Size: 512 MB
[2020.11.12-21.10.47:130][  0]LogDerivedDataCache: Loaded boot cache 0.08s 75MB C:/Users/minhn/AppData/Local/UnrealEngine/4.25/DerivedDataCache/Boot.ddc.
[2020.11.12-21.10.47:130][  0]LogDerivedDataCache: Display: Loaded Boot cache: C:/Users/minhn/AppData/Local/UnrealEngine/4.25/DerivedDataCache/Boot.ddc
[2020.11.12-21.10.47:130][  0]LogDerivedDataCache: FDerivedDataBackendGraph:  Pak pak cache file ../../../../HighLevelDevelopment/Assignment2/GAM1516_010_NhatTruong/NTPong/DerivedDataCache/DDC.ddp not found, will not use a pak cache.
[2020.11.12-21.10.47:130][  0]LogDerivedDataCache: Unable to find inner node Pak for hierarchical cache Hierarchy.
[2020.11.12-21.10.47:130][  0]LogDerivedDataCache: FDerivedDataBackendGraph:  CompressedPak pak cache file ../../../../HighLevelDevelopment/Assignment2/GAM1516_010_NhatTruong/NTPong/DerivedDataCache/Compressed.ddp not found, will not use a pak cache.
[2020.11.12-21.10.47:130][  0]LogDerivedDataCache: Unable to find inner node CompressedPak for hierarchical cache Hierarchy.
[2020.11.12-21.10.47:143][  0]LogDerivedDataCache: Display: Pak cache opened for reading ../../../Engine/DerivedDataCache/Compressed.ddp.
[2020.11.12-21.10.47:143][  0]LogDerivedDataCache: FDerivedDataBackendGraph:  EnterprisePak pak cache file ../../../Enterprise/DerivedDataCache/Compressed.ddp not found, will not use a pak cache.
[2020.11.12-21.10.47:143][  0]LogDerivedDataCache: Unable to find inner node EnterprisePak for hierarchical cache Hierarchy.
[2020.11.12-21.10.47:147][  0]LogDerivedDataCache: Using Local data cache path C:/Users/minhn/AppData/Local/UnrealEngine/Common/DerivedDataCache: Writable
[2020.11.12-21.10.47:147][  0]LogDerivedDataCache: Shared data cache path not found in *engine.ini, will not use an Shared cache.
[2020.11.12-21.10.47:147][  0]LogDerivedDataCache: Unable to find inner node Shared for hierarchical cache Hierarchy.
[2020.11.12-21.10.47:226][  0]LogSlate: Using FreeType 2.10.0
[2020.11.12-21.10.47:226][  0]LogSlate: SlateFontServices - WITH_FREETYPE: 1, WITH_HARFBUZZ: 1
[2020.11.12-21.10.47:263][  0]LogAssetRegistry: FAssetRegistry took 0.0065 seconds to start up
[2020.11.12-21.10.47:679][  0]LogInit: Selected Device Profile: [Windows]
[2020.11.12-21.10.48:018][  0]LogMeshReduction: Using QuadricMeshReduction for automatic static mesh reduction
[2020.11.12-21.10.48:018][  0]LogMeshReduction: Using SimplygonMeshReduction for automatic skeletal mesh reduction
[2020.11.12-21.10.48:018][  0]LogMeshReduction: Using ProxyLODMeshReduction for automatic mesh merging
[2020.11.12-21.10.48:018][  0]LogMeshReduction: No distributed automatic mesh merging module available
[2020.11.12-21.10.48:019][  0]LogMeshMerging: No distributed automatic mesh merging module available
[2020.11.12-21.10.48:052][  0]LogNetVersion: NTPong 1.0.0, NetCL: 13144385, EngineNetVer: 14, GameNetVer: 0 (Checksum: 3644012449)
[2020.11.12-21.10.48:832][  0]LogAISub: UAISubsystem::UAISubsystem AISubsystem (0000019F9F501BC0), frame # 0
[2020.11.12-21.10.48:832][  0]LogAISub: UAISubsystem::UAISubsystem AIPerceptionSystem (0000019F9F4611C0), frame # 0
[2020.11.12-21.10.48:835][  0]LogAISub: UAISubsystem::UAISubsystem EnvQueryManager (0000019F9F4BCA00), frame # 0
[2020.11.12-21.10.48:938][  0]LogPackageLocalizationCache: Processed 19 localized package path(s) for 1 prioritized culture(s) in 0.086811 seconds
[2020.11.12-21.10.48:948][  0]LogUObjectArray: 15917 objects as part of root set at end of initial load.
[2020.11.12-21.10.48:948][  0]LogUObjectAllocator: 3965568 out of 0 bytes used by permanent object pool.
[2020.11.12-21.10.48:949][  0]LogUObjectArray: CloseDisregardForGC: 0/0 objects in disregard for GC pool
[2020.11.12-21.10.49:792][  0]LogTcpMessaging: Initializing TcpMessaging bridge
[2020.11.12-21.10.49:834][  0]LogUdpMessaging: Initializing bridge on interface 0.0.0.0:0 to multicast group 230.0.0.1:6666.
[2020.11.12-21.10.50:231][  0]SourceControl: Source control is disabled
[2020.11.12-21.10.50:231][  0]SourceControl: Source control is disabled
[2020.11.12-21.10.50:242][  0]SourceControl: Source control is disabled
[2020.11.12-21.10.50:253][  0]SourceControl: Source control is disabled
[2020.11.12-21.10.50:274][  0]SourceControl: Source control is disabled
[2020.11.12-21.10.51:160][  0]LogAndroidPermission: UAndroidPermissionCallbackProxy::GetInstance
[2020.11.12-21.10.51:228][  0]LogAudioCaptureCore: Display: No Audio Capture implementations found. Audio input will be silent.
[2020.11.12-21.10.51:228][  0]LogAudioCaptureCore: Display: No Audio Capture implementations found. Audio input will be silent.
[2020.11.12-21.10.51:375][  0]LogOcInput: OculusInput pre-init called
[2020.11.12-21.10.51:410][  0]LogWindows: Failed to load 'OVRPlugin.dll' (GetLastError=126)
[2020.11.12-21.10.51:410][  0]LogWindows: File 'OVRPlugin.dll' does not exist
[2020.11.12-21.10.51:559][  0]LogEngine: Initializing Engine...
[2020.11.12-21.10.51:561][  0]LogHMD: Failed to initialize OpenVR with code 110
[2020.11.12-21.10.51:562][  0]LogMagicLeap: Warning: VR disabled because ZI is not enabled.  To enable, in the editor, Edit -> Project Settings -> Plugins -> Magic Leap Plugin -> Enable Zero Iteration
[2020.11.12-21.10.51:564][  0]LogStats: UGameplayTagsManager::InitializeManager -  0.000 s
[2020.11.12-21.10.51:796][  0]LogInit: Initializing FReadOnlyCVARCache
[2020.11.12-21.10.51:812][  0]LogAIModule: Creating AISystem for world Untitled
[2020.11.12-21.10.51:812][  0]LogAISub: UAISubsystem::UAISubsystem EnvQueryManager (0000019FA130DA00), frame # 0
[2020.11.12-21.10.51:813][  0]LogAISub: UAISubsystem::UAISubsystem AIPerceptionSystem (0000019FA133AC00), frame # 0
[2020.11.12-21.10.51:853][  0]LogAudioMixer: Display: Audio Mixer Platform Settings:
[2020.11.12-21.10.51:853][  0]LogAudioMixer: Display: 	Sample Rate:						  48000
[2020.11.12-21.10.51:854][  0]LogAudioMixer: Display: 	Callback Buffer Frame Size Requested: 1024
[2020.11.12-21.10.51:854][  0]LogAudioMixer: Display: 	Callback Buffer Frame Size To Use:	  1024
[2020.11.12-21.10.51:854][  0]LogAudioMixer: Display: 	Number of buffers to queue:			  2
[2020.11.12-21.10.51:854][  0]LogAudioMixer: Display: 	Max Channels (voices):				  32
[2020.11.12-21.10.51:854][  0]LogAudioMixer: Display: 	Number of Async Source Workers:		  0
[2020.11.12-21.10.51:854][  0]LogAudio: Display: AudioDevice MaxSources: 32
[2020.11.12-21.10.51:855][  0]LogAudio: Display: Using built-in audio occlusion.
[2020.11.12-21.10.51:856][  0]LogAudioMixer: Display: Initializing audio mixer.
[2020.11.12-21.10.52:247][  0]LogAudioMixer: Display: 0: FrontLeft
[2020.11.12-21.10.52:247][  0]LogAudioMixer: Display: 1: FrontRight
[2020.11.12-21.10.52:247][  0]LogAudioMixer: Display: 2: FrontCenter
[2020.11.12-21.10.52:247][  0]LogAudioMixer: Display: 3: LowFrequency
[2020.11.12-21.10.52:247][  0]LogAudioMixer: Display: 4: BackLeft
[2020.11.12-21.10.52:248][  0]LogAudioMixer: Display: 5: BackRight
[2020.11.12-21.10.52:248][  0]LogAudioMixer: Display: 6: SideLeft
[2020.11.12-21.10.52:248][  0]LogAudioMixer: Display: 7: SideRight
[2020.11.12-21.10.54:461][  0]LogAudioMixer: Display: Using Audio Device Speakers/Headphones (3- Realtek(R) Audio)
[2020.11.12-21.10.54:467][  0]LogAudioMixer: Display: Initializing Sound Submixes...
[2020.11.12-21.10.54:470][  0]LogAudioMixer: Display: Creating Master Submix 'MasterSubmixDefault'
[2020.11.12-21.10.54:471][  0]LogAudioMixer: Display: Creating Master Submix 'MasterReverbSubmixDefault'
[2020.11.12-21.10.54:472][  0]LogAudioMixer: Display: Creating Master Submix 'MasterEQSubmixDefault'
[2020.11.12-21.10.54:477][  0]LogInit: FAudioDevice initialized.
[2020.11.12-21.10.54:478][  0]LogNetVersion: Set ProjectVersion to 1.0.0.0. Version Checksum will be recalculated on next use.
[2020.11.12-21.10.54:570][  0]LogDerivedDataCache: Saved boot cache 0.09s 75MB C:/Users/minhn/AppData/Local/UnrealEngine/4.25/DerivedDataCache/Boot.ddc.
[2020.11.12-21.10.54:571][  0]LogInit: Texture streaming: Enabled
[2020.11.12-21.10.54:718][  0]LogEngineSessionManager: EngineSessionManager initialized
[2020.11.12-21.10.54:719][  0]LogEditorSessionSummary: Verbose: Initializing EditorSessionSummaryWriter for editor session tracking
[2020.11.12-21.10.54:728][  0]LogEditorSessionSummary: EditorSessionSummaryWriter initialized
[2020.11.12-21.10.54:851][  0]LogInit: Transaction tracking system initialized
[2020.11.12-21.10.55:248][  0]BlueprintLog: New page: Editor Load
[2020.11.12-21.10.56:193][  0]LocalizationService: Localization service is disabled
[2020.11.12-21.10.56:971][  0]LogCook: Display: Max memory allowance for cook 16384mb min free memory 0mb
[2020.11.12-21.10.56:971][  0]LogCook: Display: Mobile HDR setting 1
[2020.11.12-21.10.57:993][  0]LogFileCache: Scanning file cache for directory 'D:/HighLevelDevelopment/Assignment2/GAM1516_010_NhatTruong/NTPong/Content/' took 0.00s
[2020.11.12-21.10.58:588][  0]SourceControl: Source control is disabled
[2020.11.12-21.10.58:588][  0]LogUnrealEdMisc: Loading editor; pre map load, took 20.737
[2020.11.12-21.10.58:589][  0]Cmd: MAP LOAD FILE="../../../../HighLevelDevelopment/Assignment2/GAM1516_010_NhatTruong/NTPong/Content/Level/Level0.umap" TEMPLATE=0 SHOWPROGRESS=1 FEATURELEVEL=3
[2020.11.12-21.10.58:589][  0]LightingResults: New page: Lighting Build
[2020.11.12-21.10.58:591][  0]LogWorld: UWorld::CleanupWorld for Untitled, bSessionEnded=true, bCleanupResources=true
[2020.11.12-21.10.58:591][  0]LogSlate: InvalidateAllWidgets triggered.  All widgets were invalidated
[2020.11.12-21.10.58:591][  0]MapCheck: New page: Map Check
[2020.11.12-21.10.58:591][  0]LightingResults: New page: Lighting Build
[2020.11.12-21.10.58:604][  0]LogAISub: UAISubsystem::~UAISubsystem EnvQueryManager (0000019FA130DA00), frame # 0
[2020.11.12-21.10.58:604][  0]LogAISub: UAISubsystem::~UAISubsystem AIPerceptionSystem (0000019FA133AC00), frame # 0
[2020.11.12-21.10.58:606][  0]LogUObjectHash: Compacting FUObjectHashTables data took   1.27ms
[2020.11.12-21.10.58:717][  0]LogAIModule: Creating AISystem for world Level0
[2020.11.12-21.10.58:718][  0]LogAISub: UAISubsystem::UAISubsystem EnvQueryManager (0000019F91015C00), frame # 0
[2020.11.12-21.10.58:718][  0]LogAISub: UAISubsystem::UAISubsystem AIPerceptionSystem (0000019F9BA7D800), frame # 0
[2020.11.12-21.10.58:729][  0]LogEditorServer: Finished looking for orphan Actors (0.000 secs)
[2020.11.12-21.10.58:745][  0]LogUObjectHash: Compacting FUObjectHashTables data took   1.47ms
[2020.11.12-21.10.58:745][  0]Cmd: MAP CHECKDEP NOCLEARLOG
[2020.11.12-21.10.58:746][  0]MapCheck: Map check complete: 0 Error(s), 0 Warning(s), took 0.146ms to complete.
[2020.11.12-21.10.58:746][  0]LogFileHelpers: Loading map 'Level0' took 0.157
[2020.11.12-21.10.58:750][  0]LogUnrealEdMisc: Total Editor Startup Time, took 20.898
[2020.11.12-21.10.58:918][  0]LogSlate: Updating window title bar state: overlay mode, drag disabled, window buttons hidden, title bar hidden
[2020.11.12-21.10.58:928][  0]LogSlate: Updating window title bar state: overlay mode, drag disabled, window buttons hidden, title bar hidden
[2020.11.12-21.10.58:941][  0]LogSlate: Updating window title bar state: overlay mode, drag disabled, window buttons hidden, title bar hidden
[2020.11.12-21.10.58:954][  0]LogSlate: Updating window title bar state: overlay mode, drag disabled, window buttons hidden, title bar hidden
[2020.11.12-21.10.58:970][  0]LogCollectionManager: Loaded 0 collections in 0.001373 seconds
[2020.11.12-21.10.59:001][  0]LogFileCache: Scanning file cache for directory 'D:/HighLevelDevelopment/Assignment2/GAM1516_010_NhatTruong/NTPong/Saved/Collections/' took 0.00s
[2020.11.12-21.10.59:001][  0]LogFileCache: Scanning file cache for directory 'D:/HighLevelDevelopment/Assignment2/GAM1516_010_NhatTruong/NTPong/Content/Developers/minhn/Collections/' took 0.00s
[2020.11.12-21.10.59:001][  0]LogFileCache: Scanning file cache for directory 'D:/HighLevelDevelopment/Assignment2/GAM1516_010_NhatTruong/NTPong/Content/Collections/' took 0.01s
[2020.11.12-21.10.59:002][  0]LogContentBrowser: Native class hierarchy populated in 0.0129 seconds. Added 3431 classes and 824 folders.
[2020.11.12-21.10.59:005][  0]LogContentBrowser: Native class hierarchy updated for 'WidgetCarousel' in 0.0004 seconds. Added 0 classes and 0 folders.
[2020.11.12-21.10.59:083][  0]LogContentBrowser: Native class hierarchy updated for 'AddContentDialog' in 0.0005 seconds. Added 0 classes and 0 folders.
[2020.11.12-21.10.59:085][  0]LogContentBrowser: Native class hierarchy updated for 'SceneOutliner' in 0.0005 seconds. Added 2 classes and 0 folders.
[2020.11.12-21.10.59:165][  0]LogSlate: Took 0.000245 seconds to synchronously load lazily loaded font '../../../Engine/Content/Slate/Fonts/Roboto-Regular.ttf' (155K)
[2020.11.12-21.10.59:168][  0]LogSlate: Took 0.000289 seconds to synchronously load lazily loaded font '../../../Engine/Content/Slate/Fonts/Roboto-Bold.ttf' (160K)
[2020.11.12-21.10.59:175][  0]LogSlate: Took 0.000257 seconds to synchronously load lazily loaded font '../../../Engine/Content/Editor/Slate/Fonts/FontAwesome.ttf' (139K)
[2020.11.12-21.10.59:264][  0]LogRenderer: Reallocating scene render targets to support 888x460 Format 10 NumSamples 1 (Frame:1).
[2020.11.12-21.10.59:459][  0]LogContentBrowser: Native class hierarchy updated for 'HierarchicalLODOutliner' in 0.0005 seconds. Added 0 classes and 0 folders.
[2020.11.12-21.10.59:459][  0]LogLoad: (Engine Initialization) Total time: 21.61 seconds
[2020.11.12-21.10.59:459][  0]LogLoad: (Engine Initialization) Total Blueprint compile time: 0.00 seconds
[2020.11.12-21.10.59:746][  0]LogContentStreaming: Texture pool size now 1000 MB
[2020.11.12-21.10.59:929][  0]LogSlate: Took 0.032348 seconds to synchronously load lazily loaded font '../../../Engine/Content/Slate/Fonts/Roboto-Light.ttf' (167K)
[2020.11.12-21.11.00:044][  1]LogAssetRegistry: Asset discovery search completed in 12.7851 seconds
[2020.11.12-21.11.00:057][  1]LogCollectionManager: Fixed up redirectors for 0 collections in 0.000015 seconds (updated 0 objects)
[2020.11.12-21.11.56:964][578]LogEditorViewport: Clicking on Actor (LMB): PlayerStart (Player Start)
[2020.11.12-21.12.25:929][230]LogAudioMixer: Display: Audio Buffer Underrun detected.
[2020.11.12-21.13.29:767][481]LogTemp: Repeating last play command: Selected Viewport
[2020.11.12-21.13.29:980][481]LogPlayLevel: PlayLevel: No blueprints needed recompiling
[2020.11.12-21.13.30:077][481]PIE: New page: PIE session: Level0 (Nov. 12, 2020, 11:13:29 a.m.)
[2020.11.12-21.13.30:080][481]LogOnline: OSS: Creating online subsystem instance for: NULL
[2020.11.12-21.13.30:083][481]LogOnline: OSS: TryLoadSubsystemAndSetDefault: Loaded subsystem for module [NULL]
[2020.11.12-21.13.30:112][481]LogPlayLevel: Creating play world package: /Game/Level/UEDPIE_0_Level0
[2020.11.12-21.13.30:130][481]LogPlayLevel: PIE: StaticDuplicateObject took: (0.018382s)
[2020.11.12-21.13.30:134][481]LogAIModule: Creating AISystem for world Level0
[2020.11.12-21.13.30:135][481]LogAISub: UAISubsystem::UAISubsystem EnvQueryManager (0000019FB8AB5800), frame # 2481
[2020.11.12-21.13.30:135][481]LogAISub: UAISubsystem::UAISubsystem AIPerceptionSystem (0000019FB8A9BD80), frame # 2481
[2020.11.12-21.13.30:135][481]LogPlayLevel: PIE: World Init took: (0.005341s)
[2020.11.12-21.13.30:135][481]LogPlayLevel: PIE: Created PIE world by copying editor world from /Game/Level/Level0.Level0 to /Game/Level/UEDPIE_0_Level0.Level0 (0.024400s)
[2020.11.12-21.13.30:155][481]LogUObjectHash: Compacting FUObjectHashTables data took   0.78ms
[2020.11.12-21.13.30:184][481]LogAudioMixer: Display: Audio Mixer Platform Settings:
[2020.11.12-21.13.30:184][481]LogAudioMixer: Display: 	Sample Rate:						  48000
[2020.11.12-21.13.30:184][481]LogAudioMixer: Display: 	Callback Buffer Frame Size Requested: 1024
[2020.11.12-21.13.30:184][481]LogAudioMixer: Display: 	Callback Buffer Frame Size To Use:	  1024
[2020.11.12-21.13.30:185][481]LogAudioMixer: Display: 	Number of buffers to queue:			  2
[2020.11.12-21.13.30:185][481]LogAudioMixer: Display: 	Max Channels (voices):				  32
[2020.11.12-21.13.30:185][481]LogAudioMixer: Display: 	Number of Async Source Workers:		  0
[2020.11.12-21.13.30:185][481]LogAudio: Display: AudioDevice MaxSources: 32
[2020.11.12-21.13.30:185][481]LogAudio: Display: Using built-in audio occlusion.
[2020.11.12-21.13.30:185][481]LogAudioMixer: Display: Initializing audio mixer.
[2020.11.12-21.13.30:189][481]LogAudioMixer: Display: 0: FrontLeft
[2020.11.12-21.13.30:189][481]LogAudioMixer: Display: 1: FrontRight
[2020.11.12-21.13.30:190][481]LogAudioMixer: Display: 2: FrontCenter
[2020.11.12-21.13.30:190][481]LogAudioMixer: Display: 3: LowFrequency
[2020.11.12-21.13.30:190][481]LogAudioMixer: Display: 4: BackLeft
[2020.11.12-21.13.30:190][481]LogAudioMixer: Display: 5: BackRight
[2020.11.12-21.13.30:190][481]LogAudioMixer: Display: 6: SideLeft
[2020.11.12-21.13.30:190][481]LogAudioMixer: Display: 7: SideRight
[2020.11.12-21.13.30:280][481]LogAudioMixer: Display: Using Audio Device Speakers/Headphones (3- Realtek(R) Audio)
[2020.11.12-21.13.30:280][481]LogAudioMixer: Display: Initializing Sound Submixes...
[2020.11.12-21.13.30:280][481]LogAudioMixer: Display: Creating Master Submix 'MasterSubmixDefault'
[2020.11.12-21.13.30:280][481]LogAudioMixer: Display: Creating Master Submix 'MasterReverbSubmixDefault'
[2020.11.12-21.13.30:281][481]LogAudioMixer: Display: Creating Master Submix 'MasterEQSubmixDefault'
[2020.11.12-21.13.30:299][481]LogInit: FAudioDevice initialized.
[2020.11.12-21.13.30:473][481]LogLoad: Game class is 'BP_NTPongGameModeBase_C'
[2020.11.12-21.13.30:505][481]LogWorld: Bringing World /Game/Level/UEDPIE_0_Level0.Level0 up for play (max tick rate 60) at 2020.11.12-16.13.30
[2020.11.12-21.13.30:508][481]LogWorld: Bringing up level for play took: 0.008073
[2020.11.12-21.13.30:509][481]LogOnline: OSS: Creating online subsystem instance for: :Context_1
[2020.11.12-21.13.30:624][481]LogContentBrowser: Native class hierarchy updated for 'MovieSceneCapture' in 0.0007 seconds. Added 20 classes and 0 folders.
[2020.11.12-21.13.30:739][481]PIE: Server logged in
[2020.11.12-21.13.30:742][481]PIE: Play in editor total start time 0.963 seconds.
[2020.11.12-21.13.34:639][706]LogSlate: Updating window title bar state: overlay mode, drag disabled, window buttons hidden, title bar hidden
[2020.11.12-21.13.34:640][706]LogWorld: BeginTearingDown for /Game/Level/UEDPIE_0_Level0
[2020.11.12-21.13.34:641][706]LogWorld: UWorld::CleanupWorld for Level0, bSessionEnded=true, bCleanupResources=true
[2020.11.12-21.13.34:643][706]LogSlate: InvalidateAllWidgets triggered.  All widgets were invalidated
[2020.11.12-21.13.34:661][706]LogPlayLevel: Display: Shutting down PIE online subsystems
[2020.11.12-21.13.34:662][706]LogSlate: InvalidateAllWidgets triggered.  All widgets were invalidated
[2020.11.12-21.13.34:878][706]LogSlate: Updating window title bar state: overlay mode, drag disabled, window buttons hidden, title bar hidden
[2020.11.12-21.13.34:879][706]LogAISub: UAISubsystem::~UAISubsystem AIPerceptionSystem (0000019FB8A9BD80), frame # 2706
[2020.11.12-21.13.34:879][706]LogAISub: UAISubsystem::~UAISubsystem EnvQueryManager (0000019FB8AB5800), frame # 2706
[2020.11.12-21.13.34:885][706]LogUObjectHash: Compacting FUObjectHashTables data took   0.84ms
[2020.11.12-21.13.34:920][707]LogPlayLevel: Display: Destroying online subsystem :Context_1
[2020.11.12-21.13.49:562][940]LogTemp: Repeating last play command: Selected Viewport
[2020.11.12-21.13.49:578][940]LogPlayLevel: PlayLevel: No blueprints needed recompiling
[2020.11.12-21.13.49:578][940]PIE: New page: PIE session: Level0 (Nov. 12, 2020, 11:13:49 a.m.)
[2020.11.12-21.13.49:578][940]LogPlayLevel: Creating play world package: /Game/Level/UEDPIE_0_Level0
[2020.11.12-21.13.49:582][940]LogPlayLevel: PIE: StaticDuplicateObject took: (0.003965s)
[2020.11.12-21.13.49:584][940]LogAIModule: Creating AISystem for world Level0
[2020.11.12-21.13.49:584][940]LogAISub: UAISubsystem::UAISubsystem EnvQueryManager (0000019FB890E800), frame # 2940
[2020.11.12-21.13.49:585][940]LogAISub: UAISubsystem::UAISubsystem AIPerceptionSystem (0000019FB63F0680), frame # 2940
[2020.11.12-21.13.49:585][940]LogPlayLevel: PIE: World Init took: (0.002430s)
[2020.11.12-21.13.49:585][940]LogPlayLevel: PIE: Created PIE world by copying editor world from /Game/Level/Level0.Level0 to /Game/Level/UEDPIE_0_Level0.Level0 (0.006953s)
[2020.11.12-21.13.49:597][940]LogUObjectHash: Compacting FUObjectHashTables data took   0.72ms
[2020.11.12-21.13.49:600][940]LogAudioMixer: Display: Audio Mixer Platform Settings:
[2020.11.12-21.13.49:600][940]LogAudioMixer: Display: 	Sample Rate:						  48000
[2020.11.12-21.13.49:600][940]LogAudioMixer: Display: 	Callback Buffer Frame Size Requested: 1024
[2020.11.12-21.13.49:600][940]LogAudioMixer: Display: 	Callback Buffer Frame Size To Use:	  1024
[2020.11.12-21.13.49:600][940]LogAudioMixer: Display: 	Number of buffers to queue:			  2
[2020.11.12-21.13.49:600][940]LogAudioMixer: Display: 	Max Channels (voices):				  32
[2020.11.12-21.13.49:601][940]LogAudioMixer: Display: 	Number of Async Source Workers:		  0
[2020.11.12-21.13.49:601][940]LogAudio: Display: AudioDevice MaxSources: 32
[2020.11.12-21.13.49:602][940]LogAudio: Display: Using built-in audio occlusion.
[2020.11.12-21.13.49:602][940]LogAudioMixer: Display: Initializing audio mixer.
[2020.11.12-21.13.49:607][940]LogAudioMixer: Display: 0: FrontLeft
[2020.11.12-21.13.49:607][940]LogAudioMixer: Display: 1: FrontRight
[2020.11.12-21.13.49:607][940]LogAudioMixer: Display: 2: FrontCenter
[2020.11.12-21.13.49:607][940]LogAudioMixer: Display: 3: LowFrequency
[2020.11.12-21.13.49:607][940]LogAudioMixer: Display: 4: BackLeft
[2020.11.12-21.13.49:608][940]LogAudioMixer: Display: 5: BackRight
[2020.11.12-21.13.49:608][940]LogAudioMixer: Display: 6: SideLeft
[2020.11.12-21.13.49:608][940]LogAudioMixer: Display: 7: SideRight
[2020.11.12-21.13.49:717][940]LogAudioMixer: Display: Using Audio Device Speakers/Headphones (3- Realtek(R) Audio)
[2020.11.12-21.13.49:718][940]LogAudioMixer: Display: Initializing Sound Submixes...
[2020.11.12-21.13.49:718][940]LogAudioMixer: Display: Creating Master Submix 'MasterSubmixDefault'
[2020.11.12-21.13.49:718][940]LogAudioMixer: Display: Creating Master Submix 'MasterReverbSubmixDefault'
[2020.11.12-21.13.49:719][940]LogAudioMixer: Display: Creating Master Submix 'MasterEQSubmixDefault'
[2020.11.12-21.13.49:738][940]LogInit: FAudioDevice initialized.
[2020.11.12-21.13.49:753][940]LogLoad: Game class is 'BP_NTPongGameModeBase_C'
[2020.11.12-21.13.49:754][940]LogWorld: Bringing World /Game/Level/UEDPIE_0_Level0.Level0 up for play (max tick rate 60) at 2020.11.12-16.13.49
[2020.11.12-21.13.49:755][940]LogWorld: Bringing up level for play took: 0.000985
[2020.11.12-21.13.49:755][940]LogOnline: OSS: Creating online subsystem instance for: :Context_2
[2020.11.12-21.13.49:761][940]PIE: Server logged in
[2020.11.12-21.13.49:762][940]PIE: Play in editor total start time 0.187 seconds.
[2020.11.12-21.14.05:564][361]LogSlate: Updating window title bar state: overlay mode, drag disabled, window buttons hidden, title bar hidden
[2020.11.12-21.14.05:564][361]LogWorld: BeginTearingDown for /Game/Level/UEDPIE_0_Level0
[2020.11.12-21.14.05:564][361]LogWorld: UWorld::CleanupWorld for Level0, bSessionEnded=true, bCleanupResources=true
[2020.11.12-21.14.05:565][361]LogSlate: InvalidateAllWidgets triggered.  All widgets were invalidated
[2020.11.12-21.14.05:581][361]LogPlayLevel: Display: Shutting down PIE online subsystems
[2020.11.12-21.14.05:582][361]LogSlate: InvalidateAllWidgets triggered.  All widgets were invalidated
[2020.11.12-21.14.05:594][361]LogSlate: Updating window title bar state: overlay mode, drag disabled, window buttons hidden, title bar hidden
[2020.11.12-21.14.05:657][361]LogAISub: UAISubsystem::~UAISubsystem AIPerceptionSystem (0000019FB63F0680), frame # 3361
[2020.11.12-21.14.05:657][361]LogAISub: UAISubsystem::~UAISubsystem EnvQueryManager (0000019FB890E800), frame # 3361
[2020.11.12-21.14.05:659][361]LogUObjectHash: Compacting FUObjectHashTables data took   1.38ms
[2020.11.12-21.14.05:689][362]LogPlayLevel: Display: Destroying online subsystem :Context_2
[2020.11.12-21.14.50:883][274]LogTemp: Repeating last play command: Selected Viewport
[2020.11.12-21.14.50:898][274]LogPlayLevel: PlayLevel: No blueprints needed recompiling
[2020.11.12-21.14.50:898][274]PIE: New page: PIE session: Level0 (Nov. 12, 2020, 11:14:50 a.m.)
[2020.11.12-21.14.50:898][274]LogPlayLevel: Creating play world package: /Game/Level/UEDPIE_0_Level0
[2020.11.12-21.14.50:902][274]LogPlayLevel: PIE: StaticDuplicateObject took: (0.003566s)
[2020.11.12-21.14.50:904][274]LogAIModule: Creating AISystem for world Level0
[2020.11.12-21.14.50:904][274]LogAISub: UAISubsystem::UAISubsystem EnvQueryManager (0000019FB8139C00), frame # 4274
[2020.11.12-21.14.50:905][274]LogAISub: UAISubsystem::UAISubsystem AIPerceptionSystem (0000019FDF73AD40), frame # 4274
[2020.11.12-21.14.50:905][274]LogPlayLevel: PIE: World Init took: (0.002506s)
[2020.11.12-21.14.50:905][274]LogPlayLevel: PIE: Created PIE world by copying editor world from /Game/Level/Level0.Level0 to /Game/Level/UEDPIE_0_Level0.Level0 (0.006625s)
[2020.11.12-21.14.50:917][274]LogUObjectHash: Compacting FUObjectHashTables data took   0.83ms
[2020.11.12-21.14.50:919][274]LogAudioMixer: Display: Audio Mixer Platform Settings:
[2020.11.12-21.14.50:919][274]LogAudioMixer: Display: 	Sample Rate:						  48000
[2020.11.12-21.14.50:919][274]LogAudioMixer: Display: 	Callback Buffer Frame Size Requested: 1024
[2020.11.12-21.14.50:919][274]LogAudioMixer: Display: 	Callback Buffer Frame Size To Use:	  1024
[2020.11.12-21.14.50:919][274]LogAudioMixer: Display: 	Number of buffers to queue:			  2
[2020.11.12-21.14.50:919][274]LogAudioMixer: Display: 	Max Channels (voices):				  32
[2020.11.12-21.14.50:919][274]LogAudioMixer: Display: 	Number of Async Source Workers:		  0
[2020.11.12-21.14.50:919][274]LogAudio: Display: AudioDevice MaxSources: 32
[2020.11.12-21.14.50:920][274]LogAudio: Display: Using built-in audio occlusion.
[2020.11.12-21.14.50:920][274]LogAudioMixer: Display: Initializing audio mixer.
[2020.11.12-21.14.50:927][274]LogAudioMixer: Display: 0: FrontLeft
[2020.11.12-21.14.50:927][274]LogAudioMixer: Display: 1: FrontRight
[2020.11.12-21.14.50:927][274]LogAudioMixer: Display: 2: FrontCenter
[2020.11.12-21.14.50:927][274]LogAudioMixer: Display: 3: LowFrequency
[2020.11.12-21.14.50:927][274]LogAudioMixer: Display: 4: BackLeft
[2020.11.12-21.14.50:927][274]LogAudioMixer: Display: 5: BackRight
[2020.11.12-21.14.50:928][274]LogAudioMixer: Display: 6: SideLeft
[2020.11.12-21.14.50:928][274]LogAudioMixer: Display: 7: SideRight
[2020.11.12-21.14.51:019][274]LogAudioMixer: Display: Using Audio Device Speakers/Headphones (3- Realtek(R) Audio)
[2020.11.12-21.14.51:020][274]LogAudioMixer: Display: Initializing Sound Submixes...
[2020.11.12-21.14.51:020][274]LogAudioMixer: Display: Creating Master Submix 'MasterSubmixDefault'
[2020.11.12-21.14.51:020][274]LogAudioMixer: Display: Creating Master Submix 'MasterReverbSubmixDefault'
[2020.11.12-21.14.51:020][274]LogAudioMixer: Display: Creating Master Submix 'MasterEQSubmixDefault'
[2020.11.12-21.14.51:042][274]LogInit: FAudioDevice initialized.
[2020.11.12-21.14.51:055][274]LogLoad: Game class is 'BP_NTPongGameModeBase_C'
[2020.11.12-21.14.51:056][274]LogWorld: Bringing World /Game/Level/UEDPIE_0_Level0.Level0 up for play (max tick rate 60) at 2020.11.12-16.14.51
[2020.11.12-21.14.51:057][274]LogWorld: Bringing up level for play took: 0.001145
[2020.11.12-21.14.51:057][274]LogOnline: OSS: Creating online subsystem instance for: :Context_3
[2020.11.12-21.14.51:064][274]PIE: Server logged in
[2020.11.12-21.14.51:065][274]PIE: Play in editor total start time 0.17 seconds.
[2020.11.12-21.14.59:813][643]LogSlate: Updating window title bar state: overlay mode, drag disabled, window buttons hidden, title bar hidden
[2020.11.12-21.14.59:814][643]LogWorld: BeginTearingDown for /Game/Level/UEDPIE_0_Level0
[2020.11.12-21.14.59:814][643]LogWorld: UWorld::CleanupWorld for Level0, bSessionEnded=true, bCleanupResources=true
[2020.11.12-21.14.59:814][643]LogSlate: InvalidateAllWidgets triggered.  All widgets were invalidated
[2020.11.12-21.14.59:832][643]LogPlayLevel: Display: Shutting down PIE online subsystems
[2020.11.12-21.14.59:834][643]LogSlate: InvalidateAllWidgets triggered.  All widgets were invalidated
[2020.11.12-21.14.59:911][643]LogSlate: Updating window title bar state: overlay mode, drag disabled, window buttons hidden, title bar hidden
[2020.11.12-21.14.59:912][643]LogAISub: UAISubsystem::~UAISubsystem AIPerceptionSystem (0000019FDF73AD40), frame # 4643
[2020.11.12-21.14.59:913][643]LogAISub: UAISubsystem::~UAISubsystem EnvQueryManager (0000019FB8139C00), frame # 4643
[2020.11.12-21.14.59:913][643]LogUObjectHash: Compacting FUObjectHashTables data took   0.68ms
[2020.11.12-21.14.59:941][644]LogPlayLevel: Display: Destroying online subsystem :Context_3
[2020.11.12-21.15.00:670][687]Cmd: SELECT NONE
